
          -------------------------------------------------------
          Amber 12 SANDER                              2012
          -------------------------------------------------------

| Run on 10/04/2013 at 12:24:56
  [-O]verwriting output

File Assignments:
|  MDIN: amber_min_1                                                           
| MDOUT: amber_min_1.out                                                       
|INPCRD: bpti_w_dimensions.crdinp                                              
|  PARM: bpti.prmtop                                                           
|RESTRT: bpti_min_1.rst                                                        
|  REFC: bpti_w_dimensions.crdinp                                              
| MDVEL: mdvel                                                                 
|  MDEN: mden                                                                  
| MDCRD: mdcrd                                                                 
|MDINFO: mdinfo                                                                
|  MTMD: mtmd                                                                  
|INPDIP: inpdip                                                                
|RSTDIP: rstdip                                                                

|INPTRA: inptraj                                                               
|

 Here is the input file:

bpti: initial minimization solvent + ions                                      
 &cntrl                                                                        
  imin   = 1,                                                                  
  maxcyc = 1000,                                                               
  ncyc   = 500,                                                                
  ntb    = 1,                                                                  
  ntr    = 1,                                                                  
  cut    = 10.0                                                                
 /                                                                             
Hold bpti fixed                                                                
500.0                                                                          
RES 1 58                                                                       
END                                                                            
END                                                                            

--------------------------------------------------------------------------------
   1.  RESOURCE   USE: 
--------------------------------------------------------------------------------

| Flags:                                                                        
 getting new box info from bottom of inpcrd
|  INFO: Old style inpcrd file read

| peek_ewald_inpcrd: Box info found
|Largest sphere to fit in unit cell has radius =    25.630
| New format PARM file being parsed.
| Version =    1.000 Date = 10/02/13 Time = 15:11:12
 NATOM  =   13549 NTYPES =      15 NBONH =   13089 MBONA  =     465
 NTHETH =    1002 MTHETA =     624 NPHIH =    1983 MPHIA  =    1546
 NHPARM =       0 NPARM  =       0 NNB   =   21788 NRES   =    4279
 NBONA  =     465 NTHETA =     624 NPHIA =    1546 NUMBND =      33
 NUMANG =      73 NPTRA  =      33 NATYP =      22 NPHB   =       1
 IFBOX  =       0 NMXRS  =      26 IFCAP =       0 NEXTRA =       0
 NCOPY  =       0


|     Memory Use     Allocated
|     Real              978023
|     Hollerith          44928
|     Integer           500420
|     Max Pairs        7804224
|     nblistReal        162588
|     nblist Int        468423
|       Total            43356 kbytes

| Note: 1-4 EEL scale factors are being read from the topology file.

| Note: 1-4 VDW scale factors are being read from the topology file.
| Duplicated    0 dihedrals
| Duplicated    0 dihedrals

--------------------------------------------------------------------------------
   2.  CONTROL  DATA  FOR  THE  RUN
--------------------------------------------------------------------------------

default_name                                                                    

General flags:
     imin    =       1, nmropt  =       0

Nature and format of input:
     ntx     =       1, irest   =       0, ntrx    =       1

Nature and format of output:
     ntxo    =       1, ntpr    =      50, ntrx    =       1, ntwr    =     500
     iwrap   =       0, ntwx    =       0, ntwv    =       0, ntwe    =       0
     ioutfm  =       0, ntwprt  =       0, idecomp =       0, rbornstat=      0

Potential function:
     ntf     =       1, ntb     =       1, igb     =       0, nsnb    =      25
     ipol    =       0, gbsa    =       0, iesp    =       0
     dielc   =   1.00000, cut     =  10.00000, intdiel =   1.00000

Frozen or restrained atoms:
     ibelly  =       0, ntr     =       1
     restraint_wt =   0.00000

Energy minimization:
     maxcyc  =    1000, ncyc    =     500, ntmin   =       1
     dx0     =   0.01000, drms    =   0.00010

Ewald parameters:
     verbose =       0, ew_type =       0, nbflag  =       1, use_pme =       1
     vdwmeth =       1, eedmeth =       1, netfrc  =       0
     Box X =   51.260   Box Y =   51.260   Box Z =   51.260
     Alpha =   90.000   Beta  =   90.000   Gamma =   90.000
     NFFT1 =   54       NFFT2 =   54       NFFT3 =   54
     Cutoff=   10.000   Tol   =0.100E-04
     Ewald Coefficient =  0.27511
     Interpolation order =    4

    LOADING THE CONSTRAINED ATOMS AS GROUPS


   5.  REFERENCE ATOM COORDINATES

  defa
    ----- READING GROUP     1; TITLE:
 Hold bpti fixed                                                             

     GROUP    1 HAS HARMONIC CONSTRAINTS   500.00000
 GRP    1 RES    1 TO    58
      Number of atoms in this group  =   898
    ----- END OF GROUP READ -----

--------------------------------------------------------------------------------
   3.  ATOMIC COORDINATES AND VELOCITIES
--------------------------------------------------------------------------------

default_name                                                                    
 begin time read from input coords =     0.000 ps

 Number of triangulated 3-point waters found:     4215

     Sum of charges from parm topology file =  -0.00000459
     Forcing neutrality...

--------------------------------------------------------------------------------
   4.  RESULTS
--------------------------------------------------------------------------------

 ---------------------------------------------------
 APPROXIMATING switch and d/dx switch using CUBIC SPLINE INTERPOLATION
 using   5000.0 points per unit in tabled values
 TESTING RELATIVE ERROR over r ranging from 0.0 to cutoff
| CHECK switch(x): max rel err =   0.2738E-14   at   2.422500
| CHECK d/dx switch(x): max rel err =   0.8314E-11   at   2.736960
 ---------------------------------------------------
| Local SIZE OF NONBOND LIST =    4909427
| TOTAL SIZE OF NONBOND LIST =    4909427


   NSTEP       ENERGY          RMS            GMAX         NAME    NUMBER
      1      -4.3729E+04     6.4430E+01     4.4742E+03     SG        209

 BOND    =      185.1232  ANGLE   =      444.2286  DIHED      =      598.7120
 VDWAALS =     9339.9358  EEL     =   -56325.5848  HBOND      =        0.0000
 1-4 VDW =      199.3576  1-4 EEL =     1829.0457  RESTRAINT  =        0.0000


   NSTEP       ENERGY          RMS            GMAX         NAME    NUMBER
     50      -5.3105E+04     3.3062E+00     3.0680E+02     SG        482

 BOND    =     3360.4263  ANGLE   =      328.6267  DIHED      =      574.2970
 VDWAALS =     6299.9525  EEL     =   -66111.4831  HBOND      =        0.0000
 1-4 VDW =      195.2200  1-4 EEL =     1828.3926  RESTRAINT  =      419.1243
 EAMBER  =   -53524.5680


   NSTEP       ENERGY          RMS            GMAX         NAME    NUMBER
    100      -5.4506E+04     2.9124E+00     2.2517E+02     CG         48

 BOND    =     3536.0076  ANGLE   =      325.3231  DIHED      =      574.0641
 VDWAALS =     6574.3663  EEL     =   -67814.4871  HBOND      =        0.0000
 1-4 VDW =      195.0983  1-4 EEL =     1827.7762  RESTRAINT  =      275.4770
 EAMBER  =   -54781.8515


   NSTEP       ENERGY          RMS            GMAX         NAME    NUMBER
    150      -5.5245E+04     1.1198E+00     8.3292E+01     CD        113

 BOND    =     3616.7167  ANGLE   =      323.9010  DIHED      =      573.8999
 VDWAALS =     6811.4074  EEL     =   -68879.1193  HBOND      =        0.0000
 1-4 VDW =      195.0707  1-4 EEL =     1827.8198  RESTRAINT  =      285.6096
 EAMBER  =   -55530.3038


   NSTEP       ENERGY          RMS            GMAX         NAME    NUMBER
    200      -5.5688E+04     7.9622E-01     4.9696E+01     CD        780

 BOND    =     3689.2266  ANGLE   =      323.6948  DIHED      =      573.8652
 VDWAALS =     7053.5773  EEL     =   -69639.1132  HBOND      =        0.0000
 1-4 VDW =      195.0354  1-4 EEL =     1827.8926  RESTRAINT  =      288.1516
 EAMBER  =   -55975.8213


   NSTEP       ENERGY          RMS            GMAX         NAME    NUMBER
    250      -5.6005E+04     1.6268E+00     1.3144E+02     CD        780

 BOND    =     3757.4403  ANGLE   =      324.6875  DIHED      =      573.8334
 VDWAALS =     7281.9734  EEL     =   -70256.5507  HBOND      =        0.0000
 1-4 VDW =      194.9834  1-4 EEL =     1827.9209  RESTRAINT  =      290.3413
 EAMBER  =   -56295.7117


   NSTEP       ENERGY          RMS            GMAX         NAME    NUMBER
    300      -5.6266E+04     4.6929E-01     1.1333E+01     CD        780

 BOND    =     3804.0464  ANGLE   =      323.7644  DIHED      =      573.9117
 VDWAALS =     7481.2967  EEL     =   -70759.2569  HBOND      =        0.0000
 1-4 VDW =      195.0286  1-4 EEL =     1827.9006  RESTRAINT  =      287.2745
 EAMBER  =   -56553.3085


   NSTEP       ENERGY          RMS            GMAX         NAME    NUMBER
    350      -5.6481E+04     1.2471E+00     9.3364E+01     C         473

 BOND    =     3857.1805  ANGLE   =      323.9017  DIHED      =      573.9083
 VDWAALS =     7673.2335  EEL     =   -71225.5553  HBOND      =        0.0000
 1-4 VDW =      195.1653  1-4 EEL =     1827.8582  RESTRAINT  =      293.1561
 EAMBER  =   -56774.3078


   NSTEP       ENERGY          RMS            GMAX         NAME    NUMBER
    400      -5.6672E+04     3.9157E-01     9.2124E+00     C         473

 BOND    =     3895.7239  ANGLE   =      323.8403  DIHED      =      573.9279
 VDWAALS =     7853.5741  EEL     =   -71628.7610  HBOND      =        0.0000
 1-4 VDW =      195.0117  1-4 EEL =     1827.9133  RESTRAINT  =      286.9690
 EAMBER  =   -56958.7698


   NSTEP       ENERGY          RMS            GMAX         NAME    NUMBER
    450      -5.6833E+04     1.0445E+00     7.8650E+01     C         473

 BOND    =     3938.6162  ANGLE   =      325.2972  DIHED      =      573.9594
 VDWAALS =     8022.3788  EEL     =   -72003.5815  HBOND      =        0.0000
 1-4 VDW =      195.0173  1-4 EEL =     1827.8460  RESTRAINT  =      287.1960
 EAMBER  =   -57120.4667


   NSTEP       ENERGY          RMS            GMAX         NAME    NUMBER
    500      -5.6974E+04     3.3979E-01     7.6777E+00     C         473

 BOND    =     3970.1613  ANGLE   =      323.6430  DIHED      =      573.9377
 VDWAALS =     8167.0258  EEL     =   -72319.2303  HBOND      =        0.0000
 1-4 VDW =      195.0156  1-4 EEL =     1827.9355  RESTRAINT  =      287.1270
 EAMBER  =   -57261.5114


   NSTEP       ENERGY          RMS            GMAX         NAME    NUMBER
    550      -5.7887E+04     8.9022E-01     3.9879E+01     CD        113

 BOND    =     4249.9262  ANGLE   =      323.5378  DIHED      =      573.8991
 VDWAALS =     9464.4225  EEL     =   -74809.9143  HBOND      =        0.0000
 1-4 VDW =      194.9967  1-4 EEL =     1827.9854  RESTRAINT  =      287.8552
 EAMBER  =   -58175.1466


   NSTEP       ENERGY          RMS            GMAX         NAME    NUMBER
    600      -5.8079E+04     7.0561E-01     2.6101E+01     O        6857

 BOND    =     4320.3578  ANGLE   =      323.3532  DIHED      =      574.0551
 VDWAALS =     9589.9492  EEL     =   -75196.4469  HBOND      =        0.0000
 1-4 VDW =      195.1811  1-4 EEL =     1827.7162  RESTRAINT  =      286.7252
 EAMBER  =   -58365.8341


   NSTEP       ENERGY          RMS            GMAX         NAME    NUMBER
    650      -5.8215E+04     5.4987E-01     1.3637E+01     CD        113

 BOND    =     4338.2695  ANGLE   =      323.6047  DIHED      =      573.8918
 VDWAALS =     9726.2949  EEL     =   -75487.7367  HBOND      =        0.0000
 1-4 VDW =      195.1974  1-4 EEL =     1827.7613  RESTRAINT  =      287.3548
 EAMBER  =   -58502.7171


   NSTEP       ENERGY          RMS            GMAX         NAME    NUMBER
    700      -5.8371E+04     4.1807E-01     1.4401E+01     C         896

 BOND    =     4380.5605  ANGLE   =      323.5549  DIHED      =      574.0229
 VDWAALS =     9877.3507  EEL     =   -75835.6732  HBOND      =        0.0000
 1-4 VDW =      195.1564  1-4 EEL =     1827.8780  RESTRAINT  =      285.9178
 EAMBER  =   -58657.1498


   NSTEP       ENERGY          RMS            GMAX         NAME    NUMBER
    750      -5.8467E+04     3.8905E-01     9.9026E+00     SG        804

 BOND    =     4409.8722  ANGLE   =      323.4476  DIHED      =      573.9850
 VDWAALS =     9999.1917  EEL     =   -76082.9571  HBOND      =        0.0000
 1-4 VDW =      195.1092  1-4 EEL =     1827.9041  RESTRAINT  =      286.5294
 EAMBER  =   -58753.4474


   NSTEP       ENERGY          RMS            GMAX         NAME    NUMBER
    800      -5.8561E+04     5.7569E-01     2.0805E+01     C         896

 BOND    =     4449.2350  ANGLE   =      323.5370  DIHED      =      573.9947
 VDWAALS =    10142.4484  EEL     =   -76359.4845  HBOND      =        0.0000
 1-4 VDW =      195.1253  1-4 EEL =     1828.0067  RESTRAINT  =      286.1671
 EAMBER  =   -58847.1373


   NSTEP       ENERGY          RMS            GMAX         NAME    NUMBER
    850      -5.8642E+04     5.5238E-01     1.4685E+01     O          52

 BOND    =     4446.8537  ANGLE   =      323.5384  DIHED      =      573.8791
 VDWAALS =    10254.7500  EEL     =   -76552.3858  HBOND      =        0.0000
 1-4 VDW =      195.0420  1-4 EEL =     1827.8666  RESTRAINT  =      288.6591
 EAMBER  =   -58930.4560


   NSTEP       ENERGY          RMS            GMAX         NAME    NUMBER
    900      -5.8712E+04     4.7848E-01     1.4696E+01     O        4124

 BOND    =     4468.7029  ANGLE   =      323.8767  DIHED      =      573.9258
 VDWAALS =    10341.7402  EEL     =   -76730.2290  HBOND      =        0.0000
 1-4 VDW =      195.0315  1-4 EEL =     1827.9111  RESTRAINT  =      287.3067
 EAMBER  =   -58999.0409


   NSTEP       ENERGY          RMS            GMAX         NAME    NUMBER
    950      -5.8770E+04     4.4940E-01     1.1380E+01     O        4124

 BOND    =     4486.7733  ANGLE   =      324.1045  DIHED      =      573.9267
 VDWAALS =    10421.3495  EEL     =   -76886.3190  HBOND      =        0.0000
 1-4 VDW =      195.0368  1-4 EEL =     1827.9267  RESTRAINT  =      287.3164
 EAMBER  =   -59057.2015


   NSTEP       ENERGY          RMS            GMAX         NAME    NUMBER
   1000      -5.8819E+04     3.8506E-01     1.1623E+01     H          54

 BOND    =     4501.7486  ANGLE   =      323.6700  DIHED      =      573.8927
 VDWAALS =    10479.1137  EEL     =   -77008.5648  HBOND      =        0.0000
 1-4 VDW =      195.0862  1-4 EEL =     1827.9521  RESTRAINT  =      287.8188
 EAMBER  =   -59107.1014


  Maximum number of minimization cycles reached.


                    FINAL RESULTS



   NSTEP       ENERGY          RMS            GMAX         NAME    NUMBER
   1000      -5.8819E+04     3.8506E-01     1.1623E+01     H          54

 BOND    =     4501.7486  ANGLE   =      323.6700  DIHED      =      573.8927
 VDWAALS =    10479.1137  EEL     =   -77008.5648  HBOND      =        0.0000
 1-4 VDW =      195.0862  1-4 EEL =     1827.9521  RESTRAINT  =      287.8188
 EAMBER  =   -59107.1014

--------------------------------------------------------------------------------
   5.  TIMINGS
--------------------------------------------------------------------------------

|    Read coords time           0.03 ( 0.01% of Total)
|                Build the list             1.77 (93.08% of List )
|                Other                      0.13 ( 6.92% of List )
|             List time                  1.90 ( 0.67% of Nonbo)
|                   Short_ene time           245.53 (99.54% of Direc)
|                   Other                      1.13 ( 0.46% of Direc)
|                Direct Ewald time        246.66 (87.85% of Ewald)
|                Adjust Ewald time          1.33 ( 0.47% of Ewald)
|                   Fill Bspline coeffs        1.00 ( 3.08% of Recip)
|                   Fill charge grid           3.19 ( 9.80% of Recip)
|                   Scalar sum                11.44 (35.13% of Recip)
|                   Grad sum                   7.81 (23.97% of Recip)
|                   FFT time                   9.12 (28.02% of Recip)
|                   Other                      0.00 ( 0.01% of Recip)
|                Recip Ewald time          32.57 (11.60% of Ewald)
|                Virial junk                0.07 ( 0.02% of Ewald)
|                Other                      0.15 ( 0.05% of Ewald)
|             Ewald time               280.78 (99.33% of Nonbo)
|          Nonbond force            282.68 (99.42% of Force)
|          Bond/Angle/Dihedral        1.60 ( 0.56% of Force)
|          Other                      0.04 ( 0.01% of Force)
|       Force time               284.32 (100.0% of Runmd)
|    Runmd Time               284.32 (99.71% of Total)
|    Other                      0.80 ( 0.28% of Total)
| Total time               285.15 (100.0% of ALL  )

| Highest rstack allocated:     713821
| Highest istack allocated:      13549

| Final Performance Info:
| -----------------------------------------------------
| Average timings for all steps:
|     Elapsed(s) =     284.83 Per Step(ms) =  284829.89
|         ns/day =       0.00   seconds/ns = **********
| -----------------------------------------------------

|           Job began  at 12:24:56.121  on 10/04/2013
|           Setup done at 12:24:56.440  on 10/04/2013
|           Run   done at 12:29:41.270  on 10/04/2013
|     wallclock() was called   38059 times
